{"/Users/mochorak/Documents/temp/temp.nosync/repos/my repos/github/temo/slider-react-app/src/App.tsx": {"path":"/Users/mochorak/Documents/temp/temp.nosync/repos/my repos/github/temo/slider-react-app/src/App.tsx","statementMap":{"0":{"start":{"line":4,"column":17},"end":{"line":9,"column":1}},"1":{"start":{"line":12,"column":2},"end":{"line":16,"column":4}}},"fnMap":{"0":{"name":"App","decl":{"start":{"line":11,"column":9},"end":{"line":11,"column":12}},"loc":{"start":{"line":11,"column":15},"end":{"line":17,"column":1}},"line":11}},"branchMap":{},"s":{"0":1,"1":2},"f":{"0":2},"b":{},"_coverageSchema":"43e27e138ebf9cfc5966b082cf9a028302ed4184","hash":"5de8814daafd59b981221f455b4253575f0ff04b"}
,"/Users/mochorak/Documents/temp/temp.nosync/repos/my repos/github/temo/slider-react-app/src/modules/Slider/Slider.tsx": {"path":"/Users/mochorak/Documents/temp/temp.nosync/repos/my repos/github/temo/slider-react-app/src/modules/Slider/Slider.tsx","statementMap":{"0":{"start":{"line":9,"column":22},"end":{"line":44,"column":1}},"1":{"start":{"line":10,"column":20},"end":{"line":10,"column":25}},"2":{"start":{"line":11,"column":17},"end":{"line":11,"column":28}},"3":{"start":{"line":12,"column":34},"end":{"line":12,"column":45}},"4":{"start":{"line":14,"column":22},"end":{"line":20,"column":3}},"5":{"start":{"line":15,"column":4},"end":{"line":19,"column":5}},"6":{"start":{"line":16,"column":6},"end":{"line":16,"column":32}},"7":{"start":{"line":18,"column":6},"end":{"line":18,"column":30}},"8":{"start":{"line":22,"column":22},"end":{"line":28,"column":3}},"9":{"start":{"line":23,"column":4},"end":{"line":27,"column":5}},"10":{"start":{"line":24,"column":6},"end":{"line":24,"column":21}},"11":{"start":{"line":26,"column":6},"end":{"line":26,"column":32}},"12":{"start":{"line":30,"column":2},"end":{"line":43,"column":4}},"13":{"start":{"line":37,"column":38},"end":{"line":37,"column":55}}},"fnMap":{"0":{"name":"(anonymous_0)","decl":{"start":{"line":9,"column":22},"end":{"line":9,"column":23}},"loc":{"start":{"line":9,"column":45},"end":{"line":44,"column":1}},"line":9},"1":{"name":"(anonymous_1)","decl":{"start":{"line":14,"column":22},"end":{"line":14,"column":23}},"loc":{"start":{"line":14,"column":28},"end":{"line":20,"column":3}},"line":14},"2":{"name":"(anonymous_2)","decl":{"start":{"line":22,"column":22},"end":{"line":22,"column":23}},"loc":{"start":{"line":22,"column":28},"end":{"line":28,"column":3}},"line":22},"3":{"name":"(anonymous_3)","decl":{"start":{"line":37,"column":20},"end":{"line":37,"column":21}},"loc":{"start":{"line":37,"column":38},"end":{"line":37,"column":55}},"line":37}},"branchMap":{"0":{"loc":{"start":{"line":15,"column":4},"end":{"line":19,"column":5}},"type":"if","locations":[{"start":{"line":15,"column":4},"end":{"line":19,"column":5}},{"start":{"line":15,"column":4},"end":{"line":19,"column":5}}],"line":15},"1":{"loc":{"start":{"line":23,"column":4},"end":{"line":27,"column":5}},"type":"if","locations":[{"start":{"line":23,"column":4},"end":{"line":27,"column":5}},{"start":{"line":23,"column":4},"end":{"line":27,"column":5}}],"line":23}},"s":{"0":2,"1":9,"2":9,"3":9,"4":9,"5":2,"6":1,"7":1,"8":9,"9":2,"10":1,"11":1,"12":9,"13":1},"f":{"0":9,"1":2,"2":2,"3":1},"b":{"0":[1,1],"1":[1,1]},"_coverageSchema":"43e27e138ebf9cfc5966b082cf9a028302ed4184","hash":"9b106855725be0ff7442c63717c3dbb80ab012a4"}
,"/Users/mochorak/Documents/temp/temp.nosync/repos/my repos/github/temo/slider-react-app/src/shared/StyleConstants.tsx": {"path":"/Users/mochorak/Documents/temp/temp.nosync/repos/my repos/github/temo/slider-react-app/src/shared/StyleConstants.tsx","statementMap":{"0":{"start":{"line":3,"column":25},"end":{"line":20,"column":1}}},"fnMap":{},"branchMap":{},"s":{"0":2},"f":{},"b":{},"_coverageSchema":"43e27e138ebf9cfc5966b082cf9a028302ed4184","hash":"e3c78935f79b36d85a4f659dca57829f6b77a31d"}
,"/Users/mochorak/Documents/temp/temp.nosync/repos/my repos/github/temo/slider-react-app/src/shared/IconButton/IconButton.tsx": {"path":"/Users/mochorak/Documents/temp/temp.nosync/repos/my repos/github/temo/slider-react-app/src/shared/IconButton/IconButton.tsx","statementMap":{"0":{"start":{"line":4,"column":26},"end":{"line":6,"column":1}},"1":{"start":{"line":5,"column":2},"end":{"line":5,"column":62}}},"fnMap":{"0":{"name":"(anonymous_0)","decl":{"start":{"line":4,"column":26},"end":{"line":4,"column":27}},"loc":{"start":{"line":4,"column":42},"end":{"line":6,"column":1}},"line":4}},"branchMap":{},"s":{"0":3,"1":18},"f":{"0":18},"b":{},"_coverageSchema":"43e27e138ebf9cfc5966b082cf9a028302ed4184","hash":"fdac514ddbf311978e8c89e123cb7a0764999a72"}
,"/Users/mochorak/Documents/temp/temp.nosync/repos/my repos/github/temo/slider-react-app/src/shared/Indicator/Indicator.tsx": {"path":"/Users/mochorak/Documents/temp/temp.nosync/repos/my repos/github/temo/slider-react-app/src/shared/Indicator/Indicator.tsx","statementMap":{"0":{"start":{"line":10,"column":25},"end":{"line":24,"column":1}},"1":{"start":{"line":11,"column":32},"end":{"line":11,"column":34}},"2":{"start":{"line":13,"column":2},"end":{"line":22,"column":3}},"3":{"start":{"line":13,"column":15},"end":{"line":13,"column":16}},"4":{"start":{"line":14,"column":4},"end":{"line":21,"column":6}},"5":{"start":{"line":19,"column":23},"end":{"line":19,"column":40}},"6":{"start":{"line":23,"column":2},"end":{"line":23,"column":55}}},"fnMap":{"0":{"name":"(anonymous_0)","decl":{"start":{"line":10,"column":25},"end":{"line":10,"column":26}},"loc":{"start":{"line":10,"column":47},"end":{"line":24,"column":1}},"line":10},"1":{"name":"(anonymous_1)","decl":{"start":{"line":19,"column":17},"end":{"line":19,"column":18}},"loc":{"start":{"line":19,"column":23},"end":{"line":19,"column":40}},"line":19}},"branchMap":{},"s":{"0":3,"1":10,"2":10,"3":10,"4":24,"5":1,"6":10},"f":{"0":10,"1":1},"b":{},"_coverageSchema":"43e27e138ebf9cfc5966b082cf9a028302ed4184","hash":"f2698069b7c8e85e63d24703720cd10e02b72109"}
,"/Users/mochorak/Documents/temp/temp.nosync/repos/my repos/github/temo/slider-react-app/src/shared/Slides/Slides.tsx": {"path":"/Users/mochorak/Documents/temp/temp.nosync/repos/my repos/github/temo/slider-react-app/src/shared/Slides/Slides.tsx","statementMap":{"0":{"start":{"line":9,"column":22},"end":{"line":17,"column":1}},"1":{"start":{"line":10,"column":2},"end":{"line":16,"column":4}},"2":{"start":{"line":13,"column":8},"end":{"line":13,"column":87}}},"fnMap":{"0":{"name":"(anonymous_0)","decl":{"start":{"line":9,"column":22},"end":{"line":9,"column":23}},"loc":{"start":{"line":9,"column":44},"end":{"line":17,"column":1}},"line":9},"1":{"name":"(anonymous_1)","decl":{"start":{"line":12,"column":22},"end":{"line":12,"column":23}},"loc":{"start":{"line":13,"column":8},"end":{"line":13,"column":87}},"line":13}},"branchMap":{},"s":{"0":3,"1":10,"2":22},"f":{"0":10,"1":22},"b":{},"_coverageSchema":"43e27e138ebf9cfc5966b082cf9a028302ed4184","hash":"3468c67dce49f8b466763abb1331dcda10032069"}
}
