TN:
SF:/Users/mochorak/Documents/temp/temp.nosync/repos/my repos/github/temo/slider-react-app/src/App.tsx
FN:11,App
FNF:1
FNH:1
FNDA:2,App
DA:4,1
DA:12,2
LF:2
LH:2
BRF:0
BRH:0
end_of_record
TN:
SF:/Users/mochorak/Documents/temp/temp.nosync/repos/my repos/github/temo/slider-react-app/src/modules/Slider/Slider.tsx
FN:9,(anonymous_0)
FN:14,(anonymous_1)
FN:22,(anonymous_2)
FN:37,(anonymous_3)
FNF:4
FNH:4
FNDA:9,(anonymous_0)
FNDA:2,(anonymous_1)
FNDA:2,(anonymous_2)
FNDA:1,(anonymous_3)
DA:9,2
DA:10,9
DA:11,9
DA:12,9
DA:14,9
DA:15,2
DA:16,1
DA:18,1
DA:22,9
DA:23,2
DA:24,1
DA:26,1
DA:30,9
DA:37,1
LF:14
LH:14
BRDA:15,0,0,1
BRDA:15,0,1,1
BRDA:23,1,0,1
BRDA:23,1,1,1
BRF:4
BRH:4
end_of_record
TN:
SF:/Users/mochorak/Documents/temp/temp.nosync/repos/my repos/github/temo/slider-react-app/src/shared/StyleConstants.tsx
FNF:0
FNH:0
DA:3,2
LF:1
LH:1
BRF:0
BRH:0
end_of_record
TN:
SF:/Users/mochorak/Documents/temp/temp.nosync/repos/my repos/github/temo/slider-react-app/src/shared/IconButton/IconButton.tsx
FN:4,(anonymous_0)
FNF:1
FNH:1
FNDA:18,(anonymous_0)
DA:4,3
DA:5,18
LF:2
LH:2
BRF:0
BRH:0
end_of_record
TN:
SF:/Users/mochorak/Documents/temp/temp.nosync/repos/my repos/github/temo/slider-react-app/src/shared/Indicator/Indicator.tsx
FN:10,(anonymous_0)
FN:19,(anonymous_1)
FNF:2
FNH:2
FNDA:10,(anonymous_0)
FNDA:1,(anonymous_1)
DA:10,3
DA:11,10
DA:13,10
DA:14,24
DA:19,1
DA:23,10
LF:6
LH:6
BRF:0
BRH:0
end_of_record
TN:
SF:/Users/mochorak/Documents/temp/temp.nosync/repos/my repos/github/temo/slider-react-app/src/shared/Slides/Slides.tsx
FN:9,(anonymous_0)
FN:12,(anonymous_1)
FNF:2
FNH:2
FNDA:10,(anonymous_0)
FNDA:22,(anonymous_1)
DA:9,3
DA:10,10
DA:13,22
LF:3
LH:3
BRF:0
BRH:0
end_of_record
